<?xml version="1.0" encoding="UTF-8"?>
<!-- Generated by org.testng.reporters.JUnitReportReporter -->
<testsuite skipped="0" hostname="MONO-HYD-LAP-41" name="com.amc.testcases.DynamicTestNG" tests="1" failures="0" timestamp="03 Jun 2020 18:08:16 GMT" time="39.807" errors="0">
  <testcase name="ExecuteScripts" time="39.807" classname="com.amc.testcases.DynamicTestNG"/>
</testsuite> <!-- com.amc.testcases.DynamicTestNG -->
