<?xml version="1.0" encoding="UTF-8"?>
<!-- Generated by org.testng.reporters.JUnitReportReporter -->
<testsuite skipped="0" hostname="MONO-HYD-LAP-41" name="com.amc.testcases.DynamicTestNG" tests="1" failures="0" timestamp="17 Aug 2020 08:37:19 GMT" time="445.076" errors="0">
  <testcase name="ExecuteScripts" time="445.076" classname="com.amc.testcases.DynamicTestNG"/>
</testsuite> <!-- com.amc.testcases.DynamicTestNG -->
