<?xml version="1.0" encoding="UTF-8"?>
<!-- Generated by org.testng.reporters.JUnitReportReporter -->
<testsuite skipped="0" hostname="MONO-HYD-LAP-41" name="com.amc.Testclasess.execute.PortalLoginTest" tests="1" failures="0" timestamp="15 Apr 2020 06:20:13 GMT" time="185.723" errors="0">
  <testcase name="PortalLogin" time="185.723" classname="com.amc.Testclasess.execute.PortalLoginTest"/>
</testsuite> <!-- com.amc.Testclasess.execute.PortalLoginTest -->
