<?xml version="1.0" encoding="UTF-8"?>
<!-- Generated by org.testng.reporters.JUnitReportReporter -->
<testsuite skipped="0" hostname="MONO-HYD-LAP-41" name="com.amc.testcases.DynamicTestNG" tests="1" failures="0" timestamp="21 May 2020 13:57:06 GMT" time="105.261" errors="0">
  <testcase name="ExecuteScripts" time="105.261" classname="com.amc.testcases.DynamicTestNG"/>
</testsuite> <!-- com.amc.testcases.DynamicTestNG -->
