<?xml version="1.0" encoding="UTF-8"?>
<!-- Generated by org.testng.reporters.JUnitReportReporter -->
<testsuite skipped="0" hostname="MONO-HYD-LAP-41" name="com.amc.Testclasess.execute.MP_launchAndLogin" tests="1" failures="0" timestamp="15 Apr 2020 06:20:13 GMT" time="125.689" errors="0">
  <testcase name="mpLaunchAndLoginTest" time="125.689" classname="com.amc.Testclasess.execute.MP_launchAndLogin"/>
</testsuite> <!-- com.amc.Testclasess.execute.MP_launchAndLogin -->
