<?xml version="1.0" encoding="UTF-8"?>
<!-- Generated by org.testng.reporters.JUnitReportReporter -->
<testsuite skipped="0" hostname="MONO-HYD-LAP-41" name="com.amc.Testclasess.execute.DryRun" tests="1" failures="0" timestamp="14 Aug 2020 16:19:52 GMT" time="7.211" errors="0">
  <testcase name="ValidatingexpectedField" time="7.211" classname="com.amc.Testclasess.execute.DryRun"/>
</testsuite> <!-- com.amc.Testclasess.execute.DryRun -->
