<?xml version="1.0" encoding="UTF-8"?>
<!-- Generated by org.testng.reporters.JUnitReportReporter -->
<testsuite skipped="0" hostname="MONO-HYD-LAP-41" name="com.amc.Testclasess.execute.WOPEpisodeVersionTest" tests="1" failures="0" timestamp="03 Jun 2020 11:24:57 GMT" time="378.362" errors="0">
  <testcase name="wopEpisodeVersionCreation" time="378.362" classname="com.amc.Testclasess.execute.WOPEpisodeVersionTest"/>
</testsuite> <!-- com.amc.Testclasess.execute.WOPEpisodeVersionTest -->
