<?xml version="1.0" encoding="UTF-8"?>
<!-- Generated by org.testng.reporters.JUnitReportReporter -->
<testsuite skipped="0" hostname="MONO-HYD-LAP-41" name="com.amc.Testclasess.execute.MP_launchAndLogin" tests="1" failures="0" timestamp="13 Apr 2020 17:01:38 GMT" time="118.232" errors="0">
  <testcase name="mpLaunchAndLoginTest" time="118.232" classname="com.amc.Testclasess.execute.MP_launchAndLogin"/>
</testsuite> <!-- com.amc.Testclasess.execute.MP_launchAndLogin -->
