<?xml version="1.0" encoding="UTF-8"?>
<!-- Generated by org.testng.reporters.JUnitReportReporter -->
<testsuite skipped="0" hostname="MONO-HYD-LAP-41" name="com.amc.Testclasess.execute.MPEpisodeVerstionTest" tests="1" failures="0" timestamp="18 Jun 2020 07:57:48 GMT" time="224.453" errors="0">
  <testcase name="MPEpisodeVersionTest" time="224.453" classname="com.amc.Testclasess.execute.MPEpisodeVerstionTest"/>
</testsuite> <!-- com.amc.Testclasess.execute.MPEpisodeVerstionTest -->
