<?xml version="1.0" encoding="UTF-8"?>
<!-- Generated by org.testng.reporters.JUnitReportReporter -->
<testsuite skipped="0" hostname="MONO-HYD-LAP-41" name="com.amc.Testclasess.execute.PortalLoginTest" tests="1" failures="0" timestamp="14 Apr 2020 09:12:54 GMT" time="74.318" errors="0">
  <testcase name="PortalLogin" time="74.318" classname="com.amc.Testclasess.execute.PortalLoginTest"/>
</testsuite> <!-- com.amc.Testclasess.execute.PortalLoginTest -->
