<?xml version="1.0" encoding="UTF-8"?>
<!-- Generated by org.testng.reporters.JUnitReportReporter -->
<testsuite skipped="0" hostname="MONO-HYD-LAP-41" name="com.amc.Testclasess.execute.WOP_launchAndLogin" tests="1" failures="0" timestamp="09 Apr 2020 05:59:06 GMT" time="106.475" errors="0">
  <testcase name="launch" time="106.475" classname="com.amc.Testclasess.execute.WOP_launchAndLogin"/>
</testsuite> <!-- com.amc.Testclasess.execute.WOP_launchAndLogin -->
