<?xml version="1.0" encoding="UTF-8"?>
<!-- Generated by org.testng.reporters.JUnitReportReporter -->
<testsuite skipped="0" hostname="MONO-HYD-LAP-41" name="com.amc.Testclasess.execute.ProductBrowserTest" tests="2" failures="0" timestamp="31 Mar 2020 08:44:03 GMT" time="27.431" errors="0">
  <testcase name="beforeTest" time="2.113" classname="com.amc.Testclasess.execute.ProductBrowserTest"/>
  <testcase name="productbrowserTest" time="25.318" classname="com.amc.Testclasess.execute.ProductBrowserTest"/>
</testsuite> <!-- com.amc.Testclasess.execute.ProductBrowserTest -->
