<?xml version="1.0" encoding="UTF-8"?>
<!-- Generated by org.testng.reporters.JUnitReportReporter -->
<testsuite skipped="0" hostname="MONO-HYD-LAP-41" name="com.amc.Testclasess.execute.WOP_PortalComparisionTest" tests="1" failures="0" timestamp="22 May 2020 06:43:15 GMT" time="2.014" errors="0">
  <testcase name="WOPtoPortalEpisodeDataTest" time="2.014" classname="com.amc.Testclasess.execute.WOP_PortalComparisionTest"/>
</testsuite> <!-- com.amc.Testclasess.execute.WOP_PortalComparisionTest -->
