<?xml version="1.0" encoding="UTF-8"?>
<!-- Generated by org.testng.reporters.JUnitReportReporter -->
<testsuite skipped="0" hostname="MONO-HYD-LAP-41" name="com.amc.Testclasess.execute.WOP_MPComparisionTest" tests="1" failures="0" timestamp="15 Apr 2020 06:20:13 GMT" time="2.008" errors="0">
  <testcase name="WOPtoMPEpisodeDataTest" time="2.008" classname="com.amc.Testclasess.execute.WOP_MPComparisionTest"/>
</testsuite> <!-- com.amc.Testclasess.execute.WOP_MPComparisionTest -->
