<?xml version="1.0" encoding="UTF-8"?>
<!-- Generated by org.testng.reporters.JUnitReportReporter -->
<testsuite skipped="0" hostname="MONO-HYD-LAP-41" name="com.amc.Testclasess.execute.MPEpisodeVersionTest" tests="1" failures="0" timestamp="17 Aug 2020 08:37:19 GMT" time="114.258" errors="0">
  <testcase name="MPEpisodeVersionIntegrationTest" time="114.258" classname="com.amc.Testclasess.execute.MPEpisodeVersionTest"/>
</testsuite> <!-- com.amc.Testclasess.execute.MPEpisodeVersionTest -->
