<?xml version="1.0" encoding="UTF-8"?>
<!-- Generated by org.testng.reporters.JUnitReportReporter -->
<testsuite skipped="0" hostname="MONO-HYD-LAP-41" name="com.amc.testcases.DynamicTestNG" tests="1" failures="0" timestamp="14 Apr 2020 12:45:03 GMT" time="86.221" errors="0">
  <testcase name="ExecuteScripts" time="86.221" classname="com.amc.testcases.DynamicTestNG"/>
</testsuite> <!-- com.amc.testcases.DynamicTestNG -->
