<?xml version="1.0" encoding="UTF-8"?>
<!-- Generated by org.testng.reporters.JUnitReportReporter -->
<testsuite skipped="0" hostname="MONO-HYD-LAP-41" name="com.amc.Testclasess.execute.DryRun" tests="1" failures="0" timestamp="21 May 2020 10:49:27 GMT" time="4.398" errors="0">
  <testcase name="dryRun" time="4.398" classname="com.amc.Testclasess.execute.DryRun"/>
</testsuite> <!-- com.amc.Testclasess.execute.DryRun -->
