<?xml version="1.0" encoding="UTF-8"?>
<!-- Generated by org.testng.reporters.JUnitReportReporter -->
<testsuite skipped="0" hostname="MONO-HYD-LAP-41" name="com.amc.Testclasess.execute.EpisodeVersionTest" tests="1" failures="0" timestamp="03 Apr 2020 15:43:17 GMT" time="207.805" errors="0">
  <testcase name="wopEpisodeVersionCreation" time="207.805" classname="com.amc.Testclasess.execute.EpisodeVersionTest"/>
</testsuite> <!-- com.amc.Testclasess.execute.EpisodeVersionTest -->
