<?xml version="1.0" encoding="UTF-8"?>
<!-- Generated by org.testng.reporters.JUnitReportReporter -->
<testsuite skipped="0" hostname="MONO-HYD-LAP-41" name="com.amc.Testclasess.execute.DataBaseTest" tests="1" failures="0" timestamp="18 Jun 2020 07:57:48 GMT" time="4.360" errors="0">
  <testcase name="DataBaseConnectionTest" time="4.360" classname="com.amc.Testclasess.execute.DataBaseTest"/>
</testsuite> <!-- com.amc.Testclasess.execute.DataBaseTest -->
