<?xml version="1.0" encoding="UTF-8"?>
<!-- Generated by org.testng.reporters.JUnitReportReporter -->
<testsuite skipped="0" hostname="MONO-HYD-LAP-41" name="com.amc.Testclasess.execute.PortalLoginTest" tests="1" failures="0" timestamp="18 Jun 2020 07:57:48 GMT" time="38.546" errors="0">
  <testcase name="PortalLogin" time="38.546" classname="com.amc.Testclasess.execute.PortalLoginTest"/>
</testsuite> <!-- com.amc.Testclasess.execute.PortalLoginTest -->
