<?xml version="1.0" encoding="UTF-8"?>
<!-- Generated by org.testng.reporters.JUnitReportReporter -->
<testsuite skipped="0" hostname="MONO-HYD-LAP-41" name="com.amc.Testclasess.execute.MPEpisodeVerstionTest" tests="1" failures="0" timestamp="13 Apr 2020 17:26:35 GMT" time="90.122" errors="0">
  <testcase name="MPEpisodeVersionTest" time="90.122" classname="com.amc.Testclasess.execute.MPEpisodeVerstionTest"/>
</testsuite> <!-- com.amc.Testclasess.execute.MPEpisodeVerstionTest -->
