<?xml version="1.0" encoding="UTF-8"?>
<!-- Generated by org.testng.reporters.JUnitReportReporter -->
<testsuite skipped="0" hostname="MONO-HYD-LAP-41" name="com.amc.Testclasess.execute.DryRun" tests="1" failures="0" timestamp="13 Apr 2020 09:16:22 GMT" time="0.817" errors="0">
  <testcase name="dryRun" time="0.817" classname="com.amc.Testclasess.execute.DryRun"/>
</testsuite> <!-- com.amc.Testclasess.execute.DryRun -->
